[2025-09-30 01:43:32] $ uv run enreach export update
[2025-09-30 01:43:35] INFO  [alembic.runtime.migration] Context impl SQLiteImpl.
[2025-09-30 01:43:35] INFO  [alembic.runtime.migration] Will assume non-transactional DDL.
[2025-09-30 01:43:35] Using .env: /Users/daniel/Documents/code/enreach-tools/.env
[2025-09-30 01:43:35] INFO  [enreach_tools.cli] CLI command invoked: export update
[2025-09-30 01:43:35] INFO  [enreach_tools.cli] NetBox export command invoked
[2025-09-30 01:43:35] INFO  [enreach_tools.cli] Invoking legacy script netbox-export/bin/netbox_update.py
[2025-09-30 01:43:37] INFO  [alembic.runtime.migration] Context impl SQLiteImpl.
[2025-09-30 01:43:37] INFO  [alembic.runtime.migration] Will assume non-transactional DDL.
[2025-09-30 01:43:37] INFO  [enreach_tools.application.services.netbox] NetBox export started
[2025-09-30 01:43:44] INFO  [enreach_tools.application.services.netbox] Device diff computed
[2025-09-30 01:43:46] INFO  [enreach_tools.application.services.netbox] VM diff computed
[2025-09-30 01:43:46] INFO  [enreach_tools.application.services.netbox] Merging NetBox CSVs
[2025-09-30 01:43:46] INFO  [enreach_tools.application.services.netbox] NetBox CSV merge completed
[2025-09-30 01:43:46] INFO  [enreach_tools.application.services.netbox] Creating Excel export
[2025-09-30 01:43:46] INFO  [enreach_tools.application.services.netbox] Applying column order
[2025-09-30 01:43:48] INFO  [enreach_tools.application.services.netbox] Excel export completed
[2025-09-30 01:43:48] INFO  [enreach_tools.application.services.netbox] NetBox export completed
[2025-09-30 01:43:48] [bold]Running NetBox export service...[/bold]
[2025-09-30 01:43:48] [green]Update complete: devices + vms + merge[/green]
[2025-09-30 01:43:48] INFO  [enreach_tools.cli] Legacy script finished netbox-export/bin/netbox_update.py (rc=0)
[2025-09-30 01:43:48] INFO  [enreach_tools.cli] Legacy NetBox export completed
[2025-09-30 01:43:48] INFO  [enreach_tools.cli] Checking Confluence auto-publish configuration
[2025-09-30 01:43:48] INFO  [enreach_tools.cli] Publishing CMDB export to Confluence
[2025-09-30 01:43:48] INFO  [enreach_tools.cli] Invoking legacy script netbox-export/bin/confluence_publish_cmdb.py
[2025-09-30 01:43:51] INFO  [alembic.runtime.migration] Context impl SQLiteImpl.
[2025-09-30 01:43:51] INFO  [alembic.runtime.migration] Will assume non-transactional DDL.
[2025-09-30 01:43:51] Publishing CMDB to Confluence...
[2025-09-30 01:43:53] INFO  [alembic.runtime.migration] Context impl SQLiteImpl.
[2025-09-30 01:43:53] INFO  [alembic.runtime.migration] Will assume non-transactional DDL.
[2025-09-30 01:43:53] Uploading: /Users/daniel/Documents/code/enreach-tools/data/Systems CMDB.xlsx -> page 981533033 as Systems CMDB.xlsx
[2025-09-30 01:43:54] Attachment exists (id att981434769); uploading new version
[2025-09-30 01:43:55] Attachment upload complete
[2025-09-30 01:43:55] Name: Systems CMDB.xlsx
[2025-09-30 01:43:55] Version: 111
[2025-09-30 01:43:55] Open: https://enreach-services.atlassian.net/wiki/pages/viewpageattachments.action?pageId=981533033&preview=%2F981533033%2F981434769%2FSystems+CMDB.xlsx
[2025-09-30 01:43:56] INFO  [enreach_tools.cli] Legacy script finished netbox-export/bin/confluence_publish_cmdb.py (rc=0)
[2025-09-30 01:43:56] INFO  [enreach_tools.cli] Invoking legacy script netbox-export/bin/confluence_publish_devices_table.py
[2025-09-30 01:43:58] INFO  [alembic.runtime.migration] Context impl SQLiteImpl.
[2025-09-30 01:43:58] INFO  [alembic.runtime.migration] Will assume non-transactional DDL.
[2025-09-30 01:44:02] INFO  [alembic.runtime.migration] Context impl SQLiteImpl.
[2025-09-30 01:44:02] INFO  [alembic.runtime.migration] Will assume non-transactional DDL.
[2025-09-30 01:44:02] Uploading: /Users/daniel/Documents/code/enreach-tools/data/netbox_devices_export.csv -> page 981533060 as netbox_devices_export.csv
[2025-09-30 01:44:02] Attachment exists (id att981762088); uploading new version
[2025-09-30 01:44:03] Attachment upload complete
[2025-09-30 01:44:03] Name: netbox_devices_export.csv
[2025-09-30 01:44:03] Version: 108
[2025-09-30 01:44:03] Open: https://enreach-services.atlassian.net/wiki/pages/viewpageattachments.action?pageId=981533060&preview=%2F981533060%2F981762088%2Fnetbox_devices_export.csv
[2025-09-30 01:44:04] Confluence page updated with NetBox devices table
[2025-09-30 01:44:04] INFO  [enreach_tools.cli] Legacy script finished netbox-export/bin/confluence_publish_devices_table.py (rc=0)
[2025-09-30 01:44:04] INFO  [enreach_tools.cli] Invoking legacy script netbox-export/bin/confluence_publish_vms_table.py
[2025-09-30 01:44:06] INFO  [alembic.runtime.migration] Context impl SQLiteImpl.
[2025-09-30 01:44:06] INFO  [alembic.runtime.migration] Will assume non-transactional DDL.
[2025-09-30 01:44:10] INFO  [alembic.runtime.migration] Context impl SQLiteImpl.
[2025-09-30 01:44:10] INFO  [alembic.runtime.migration] Will assume non-transactional DDL.
[2025-09-30 01:44:10] Uploading: /Users/daniel/Documents/code/enreach-tools/data/netbox_vms_export.csv -> page 981794840 as netbox_vms_export.csv
[2025-09-30 01:44:11] Attachment exists (id att981893145); uploading new version
[2025-09-30 01:44:11] Attachment upload complete
[2025-09-30 01:44:11] Name: netbox_vms_export.csv
[2025-09-30 01:44:11] Version: 108
[2025-09-30 01:44:11] Open: https://enreach-services.atlassian.net/wiki/pages/viewpageattachments.action?pageId=981794840&preview=%2F981794840%2F981893145%2Fnetbox_vms_export.csv
[2025-09-30 01:44:12] Confluence page updated with NetBox VMs table
[2025-09-30 01:44:12] INFO  [enreach_tools.cli] Legacy script finished netbox-export/bin/confluence_publish_vms_table.py (rc=0)
[2025-09-30 01:44:12] [exit 0]
[2025-10-14 22:37:54] $ uv run python scripts/update_commvault_cache.py --since 6 --limit 1000
[2025-10-14 22:38:01] INFO  [alembic.runtime.migration] Context impl SQLiteImpl.
[2025-10-14 22:38:01] INFO  [alembic.runtime.migration] Will assume non-transactional DDL.
[2025-10-14 22:38:33] Commvault cache updated: cached 348 job(s) within last 6h; 39458 total stored;
[2025-10-14 22:38:33] 318 new / 0 updated
[2025-10-14 22:38:33] Cache timestamp: 2025-10-14T20:38:32.189531+00:00
[2025-10-14 22:38:37] Commvault storage cache updated: 4 pool(s) — total capacity 93.5 TB, used 159 TB
[2025-10-14 22:38:37] Storage cache timestamp: 2025-10-14T20:38:37.845309+00:00
[2025-10-14 22:38:42] Commvault plan cache updated: 15 plan(s) — types: Server
[2025-10-14 22:38:42] Plan cache timestamp: 2025-10-14T20:38:42.827187+00:00
[2025-10-14 22:38:43] [exit 0]
[2025-10-14 22:46:36] $ uv run enreach export cache
[2025-10-14 22:46:38] INFO  [alembic.runtime.migration] Context impl SQLiteImpl.
[2025-10-14 22:46:38] INFO  [alembic.runtime.migration] Will assume non-transactional DDL.
[2025-10-14 22:46:38] Using .env: /Users/daniel/Documents/code/enreach-tools/.env
[2025-10-14 22:46:54] Cache updated /Users/daniel/Documents/code/enreach-tools/data/netbox_cache.json
[2025-10-14 22:46:54] Generated at: 2025-10-14T22:46:38+02:00
[2025-10-14 22:46:54] devices: 2378 total (4 new, 23 updated, 14 removed)
[2025-10-14 22:46:54] vms: 961 total (1 new, 2 updated)
[2025-10-14 22:46:55] [exit 0]
[2025-10-15 09:42:14] $ uv run enreach vcenter refresh --id 4bca487c-cd73-4c6b-abc2-67cde0c5e2ca
[2025-10-15 09:42:22] INFO  [alembic.runtime.migration] Context impl SQLiteImpl.
[2025-10-15 09:42:22] INFO  [alembic.runtime.migration] Will assume non-transactional DDL.
[2025-10-15 09:42:22] Using .env: /Users/daniel/Documents/code/enreach-tools/.env
[2025-10-15 09:42:22] INFO  [alembic.runtime.migration] Context impl SQLiteImpl.
[2025-10-15 09:42:22] INFO  [alembic.runtime.migration] Will assume non-transactional DDL.
[2025-10-15 09:42:24] Refreshing 6. vcenter6 (4bca487c-cd73-4c6b-abc2-67cde0c5e2ca)… done (2 VMs @ 2025-10-15T07:42:24.567476Z)
[2025-10-15 09:42:24] [exit 0]
[2025-10-15 10:07:45] $ uv run python scripts/update_commvault_cache.py --since 12 --limit 1000
[2025-10-15 10:07:54] INFO  [alembic.runtime.migration] Context impl SQLiteImpl.
[2025-10-15 10:07:54] INFO  [alembic.runtime.migration] Will assume non-transactional DDL.
[2025-10-15 10:08:23] Commvault cache updated: cached 226 job(s) within last 12h; 39684 total stored;
[2025-10-15 10:08:23] 205 new / 2 updated
[2025-10-15 10:08:23] Cache timestamp: 2025-10-15T08:08:22.433461+00:00
[2025-10-15 10:08:27] Commvault storage cache updated: 4 pool(s) — total capacity 93.5 TB, used 161 TB
[2025-10-15 10:08:27] Storage cache timestamp: 2025-10-15T08:08:27.583032+00:00
[2025-10-15 10:08:31] Commvault plan cache updated: 15 plan(s) — types: Server
[2025-10-15 10:08:31] Plan cache timestamp: 2025-10-15T08:08:31.341066+00:00
[2025-10-15 10:08:31] [exit 0]
[2025-10-15 19:59:11] $ uv run python scripts/update_commvault_cache.py --since 11 --limit 1000
[2025-10-15 19:59:14] INFO  [alembic.runtime.migration] Context impl SQLiteImpl.
[2025-10-15 19:59:14] INFO  [alembic.runtime.migration] Will assume non-transactional DDL.
[2025-10-15 19:59:32] $ uv run enreach export cache
[2025-10-15 19:59:35] INFO  [alembic.runtime.migration] Context impl SQLiteImpl.
[2025-10-15 19:59:35] INFO  [alembic.runtime.migration] Will assume non-transactional DDL.
[2025-10-15 19:59:35] Using .env: /Users/daniel/Documents/code/enreach-tools/.env
[2025-10-15 19:59:48] Commvault cache updated: cached 210 job(s) within last 11h; 39860 total stored; 176 new / 0 updated
[2025-10-15 19:59:48] Cache timestamp: 2025-10-15T17:59:47.332684+00:00
[2025-10-15 19:59:49] $ uv run python scripts/update_commvault_cache.py --since 2 --limit 1000
[2025-10-15 19:59:52] Commvault storage cache updated: 4 pool(s) — total capacity 93.5 TB, used 162 TB
[2025-10-15 19:59:52] Storage cache timestamp: 2025-10-15T17:59:52.092658+00:00
[2025-10-15 19:59:52] INFO  [alembic.runtime.migration] Context impl SQLiteImpl.
[2025-10-15 19:59:52] INFO  [alembic.runtime.migration] Will assume non-transactional DDL.
[2025-10-15 19:59:53] Cache updated /Users/daniel/Documents/code/enreach-tools/data/netbox_cache.json
[2025-10-15 19:59:53] Generated at: 2025-10-15T19:59:35+02:00
[2025-10-15 19:59:53] devices: 2376 total (4 new, 32 updated, 6 removed)
[2025-10-15 19:59:53] vms: 961 total (no changes)
[2025-10-15 19:59:54] [exit 0]
[2025-10-15 19:59:56] Commvault plan cache updated: 15 plan(s) — types: Server
[2025-10-15 19:59:56] Plan cache timestamp: 2025-10-15T17:59:56.809551+00:00
[2025-10-15 19:59:57] [exit 0]
[2025-10-15 20:00:19] Commvault cache updated: cached 28 job(s) within last 2h; 39860 total stored; 0 new / 0 updated
[2025-10-15 20:00:19] Cache timestamp: 2025-10-15T18:00:18.717106+00:00
[2025-10-15 20:00:23] Commvault storage cache updated: 4 pool(s) — total capacity 93.5 TB, used 162 TB
[2025-10-15 20:00:23] Storage cache timestamp: 2025-10-15T18:00:23.396768+00:00
[2025-10-15 20:00:26] Commvault plan cache updated: 15 plan(s) — types: Server
[2025-10-15 20:00:26] Plan cache timestamp: 2025-10-15T18:00:26.459142+00:00
[2025-10-15 20:00:26] [exit 0]
[2025-10-15 20:00:26] $ uv run enreach export cache
[2025-10-15 20:00:29] INFO  [alembic.runtime.migration] Context impl SQLiteImpl.
[2025-10-15 20:00:29] INFO  [alembic.runtime.migration] Will assume non-transactional DDL.
[2025-10-15 20:00:29] Using .env: /Users/daniel/Documents/code/enreach-tools/.env
[2025-10-15 20:00:31] Cache updated /Users/daniel/Documents/code/enreach-tools/data/netbox_cache.json
[2025-10-15 20:00:31] Generated at: 2025-10-15T20:00:29+02:00
[2025-10-15 20:00:31] devices: 2376 total (no changes)
[2025-10-15 20:00:31] vms: 961 total (no changes)
[2025-10-15 20:00:31] [exit 0]
[2025-10-15 20:00:31] $ uv run enreach vcenter refresh --id e4059ecd-0e9c-4319-9f2b-1e3268d8ee2d
[2025-10-15 20:00:33] INFO  [alembic.runtime.migration] Context impl SQLiteImpl.
[2025-10-15 20:00:33] INFO  [alembic.runtime.migration] Will assume non-transactional DDL.
[2025-10-15 20:00:33] Using .env: /Users/daniel/Documents/code/enreach-tools/.env
[2025-10-15 20:00:33] INFO  [alembic.runtime.migration] Context impl SQLiteImpl.
[2025-10-15 20:00:33] INFO  [alembic.runtime.migration] Will assume non-transactional DDL.
[2025-10-15 20:08:55] Refreshing 1. vw-vcenter01.systems.ispworks.net (e4059ecd-0e9c-4319-9f2b-1e3268d8ee2d)… done (410 VMs @ 2025-10-15T18:08:55.209439Z)
[2025-10-15 20:08:55] [exit 0]
[2025-10-15 20:08:55] $ uv run enreach vcenter refresh --id b55f0fa8-e253-4b5d-a0b6-8f9135bce4d8
[2025-10-15 20:09:05] INFO  [alembic.runtime.migration] Context impl SQLiteImpl.
[2025-10-15 20:09:05] INFO  [alembic.runtime.migration] Will assume non-transactional DDL.
[2025-10-15 20:09:06] Using .env: /Users/daniel/Documents/code/enreach-tools/.env
[2025-10-15 20:09:06] INFO  [alembic.runtime.migration] Context impl SQLiteImpl.
[2025-10-15 20:09:06] INFO  [alembic.runtime.migration] Will assume non-transactional DDL.
[2025-10-15 20:09:42] Refreshing 2. vw-vcenter03.systems.ispworks.net (b55f0fa8-e253-4b5d-a0b6-8f9135bce4d8)… done (30 VMs @ 2025-10-15T18:09:42.079189Z)
[2025-10-15 20:09:42] [exit 0]
[2025-10-15 20:09:42] $ uv run enreach vcenter refresh --id f0f03827-58a4-4f57-a681-04a2d1c5d62d
[2025-10-15 20:09:44] INFO  [alembic.runtime.migration] Context impl SQLiteImpl.
[2025-10-15 20:09:44] INFO  [alembic.runtime.migration] Will assume non-transactional DDL.
[2025-10-15 20:09:45] Using .env: /Users/daniel/Documents/code/enreach-tools/.env
[2025-10-15 20:09:45] INFO  [alembic.runtime.migration] Context impl SQLiteImpl.
[2025-10-15 20:09:45] INFO  [alembic.runtime.migration] Will assume non-transactional DDL.
[2025-10-15 20:10:32] Refreshing 3. enreach-vcenter01.systems.ispworks.net (f0f03827-58a4-4f57-a681-04a2d1c5d62d)… done (42 VMs @ 2025-10-15T18:10:32.000654Z)
[2025-10-15 20:10:32] [exit 0]
[2025-10-15 20:10:32] $ uv run enreach vcenter refresh --id c91d5b1a-285e-4131-8902-5b8ab3a09a14
[2025-10-15 20:10:34] INFO  [alembic.runtime.migration] Context impl SQLiteImpl.
[2025-10-15 20:10:34] INFO  [alembic.runtime.migration] Will assume non-transactional DDL.
[2025-10-15 20:10:34] Using .env: /Users/daniel/Documents/code/enreach-tools/.env
[2025-10-15 20:10:34] INFO  [alembic.runtime.migration] Context impl SQLiteImpl.
[2025-10-15 20:10:34] INFO  [alembic.runtime.migration] Will assume non-transactional DDL.
[2025-10-15 20:13:37] Refreshing 4. Enreach Direct (c91d5b1a-285e-4131-8902-5b8ab3a09a14)… done (161 VMs @ 2025-10-15T18:13:37.845065Z)
[2025-10-15 20:13:38] [exit 0]
[2025-10-15 20:13:38] $ uv run enreach vcenter refresh --id e73eb70b-6f07-4974-81ff-0c9f31832f9c
[2025-10-15 20:13:40] INFO  [alembic.runtime.migration] Context impl SQLiteImpl.
[2025-10-15 20:13:40] INFO  [alembic.runtime.migration] Will assume non-transactional DDL.
[2025-10-15 20:13:40] Using .env: /Users/daniel/Documents/code/enreach-tools/.env
[2025-10-15 20:13:40] INFO  [alembic.runtime.migration] Context impl SQLiteImpl.
[2025-10-15 20:13:40] INFO  [alembic.runtime.migration] Will assume non-transactional DDL.
[2025-10-15 20:13:56] Refreshing 5. swyx-vcenter02 Firewall (e73eb70b-6f07-4974-81ff-0c9f31832f9c)… done (12 VMs @ 2025-10-15T18:13:56.262175Z)
[2025-10-15 20:13:56] [exit 0]
[2025-10-15 20:13:56] $ uv run enreach vcenter refresh --id 4bca487c-cd73-4c6b-abc2-67cde0c5e2ca
[2025-10-15 20:13:59] INFO  [alembic.runtime.migration] Context impl SQLiteImpl.
[2025-10-15 20:13:59] INFO  [alembic.runtime.migration] Will assume non-transactional DDL.
[2025-10-15 20:13:59] Using .env: /Users/daniel/Documents/code/enreach-tools/.env
[2025-10-15 20:13:59] INFO  [alembic.runtime.migration] Context impl SQLiteImpl.
[2025-10-15 20:13:59] INFO  [alembic.runtime.migration] Will assume non-transactional DDL.
[2025-10-15 20:14:01] Refreshing 6. vcenter6 (4bca487c-cd73-4c6b-abc2-67cde0c5e2ca)… done (2 VMs @ 2025-10-15T18:14:01.402934Z)
[2025-10-15 20:14:01] [exit 0]
[2025-10-15 22:50:35] $ uv run enreach vcenter refresh --id 4bca487c-cd73-4c6b-abc2-67cde0c5e2ca
[2025-10-15 22:50:36] $ uv run enreach vcenter refresh --id e73eb70b-6f07-4974-81ff-0c9f31832f9c
[2025-10-15 22:50:37] $ uv run enreach vcenter refresh --id c91d5b1a-285e-4131-8902-5b8ab3a09a14
[2025-10-15 22:50:38] INFO  [alembic.runtime.migration] Context impl SQLiteImpl.
[2025-10-15 22:50:38] INFO  [alembic.runtime.migration] Will assume non-transactional DDL.
[2025-10-15 22:50:38] Using .env: /Users/daniel/Documents/code/enreach-tools/.env
[2025-10-15 22:50:38] INFO  [alembic.runtime.migration] Context impl SQLiteImpl.
[2025-10-15 22:50:38] INFO  [alembic.runtime.migration] Will assume non-transactional DDL.
[2025-10-15 22:50:38] $ uv run enreach vcenter refresh --id f0f03827-58a4-4f57-a681-04a2d1c5d62d
[2025-10-15 22:50:38] INFO  [alembic.runtime.migration] Context impl SQLiteImpl.
[2025-10-15 22:50:38] INFO  [alembic.runtime.migration] Will assume non-transactional DDL.
[2025-10-15 22:50:38] Using .env: /Users/daniel/Documents/code/enreach-tools/.env
[2025-10-15 22:50:38] INFO  [alembic.runtime.migration] Context impl SQLiteImpl.
[2025-10-15 22:50:38] INFO  [alembic.runtime.migration] Will assume non-transactional DDL.
[2025-10-15 22:50:39] $ uv run enreach vcenter refresh --id b55f0fa8-e253-4b5d-a0b6-8f9135bce4d8
[2025-10-15 22:50:39] INFO  [alembic.runtime.migration] Context impl SQLiteImpl.
[2025-10-15 22:50:39] INFO  [alembic.runtime.migration] Will assume non-transactional DDL.
[2025-10-15 22:50:40] Using .env: /Users/daniel/Documents/code/enreach-tools/.env
[2025-10-15 22:50:40] INFO  [alembic.runtime.migration] Context impl SQLiteImpl.
[2025-10-15 22:50:40] INFO  [alembic.runtime.migration] Will assume non-transactional DDL.
[2025-10-15 22:50:40] Refreshing 6. vcenter6 (4bca487c-cd73-4c6b-abc2-67cde0c5e2ca)… done (2 VMs @ 2025-10-15T20:50:40.125169Z)
[2025-10-15 22:50:40] [exit 0]
[2025-10-15 22:50:41] INFO  [alembic.runtime.migration] Context impl SQLiteImpl.
[2025-10-15 22:50:41] INFO  [alembic.runtime.migration] Will assume non-transactional DDL.
[2025-10-15 22:50:41] Using .env: /Users/daniel/Documents/code/enreach-tools/.env
[2025-10-15 22:50:41] INFO  [alembic.runtime.migration] Context impl SQLiteImpl.
[2025-10-15 22:50:41] INFO  [alembic.runtime.migration] Will assume non-transactional DDL.
[2025-10-15 22:50:41] Refreshing 3. enreach-vcenter01.systems.ispworks.net
[2025-10-15 22:50:42] INFO  [alembic.runtime.migration] Context impl SQLiteImpl.
[2025-10-15 22:50:42] INFO  [alembic.runtime.migration] Will assume non-transactional DDL.
[2025-10-15 22:50:42] Using .env: /Users/daniel/Documents/code/enreach-tools/.env
[2025-10-15 22:50:42] INFO  [alembic.runtime.migration] Context impl SQLiteImpl.
[2025-10-15 22:50:42] INFO  [alembic.runtime.migration] Will assume non-transactional DDL.
[2025-10-15 22:50:42] Refreshing 2. vw-vcenter03.systems.ispworks.net
[2025-10-15 22:50:48] Refreshing 5. swyx-vcenter02 Firewall (e73eb70b-6f07-4974-81ff-0c9f31832f9c)… done (12 VMs @ 2025-10-15T20:50:48.118175Z)
[2025-10-15 22:50:48] [exit 0]
[2025-10-15 22:51:02] (b55f0fa8-e253-4b5d-a0b6-8f9135bce4d8)… done (30 VMs @ 2025-10-15T20:51:02.737133Z)
[2025-10-15 22:51:03] [exit 0]
[2025-10-15 22:51:11] (f0f03827-58a4-4f57-a681-04a2d1c5d62d)… done (42 VMs @ 2025-10-15T20:51:11.243711Z)
[2025-10-15 22:51:11] [exit 0]
[2025-10-15 22:53:47] Refreshing 4. Enreach Direct (c91d5b1a-285e-4131-8902-5b8ab3a09a14)… done (161 VMs @ 2025-10-15T20:53:47.596653Z)
[2025-10-15 22:53:48] [exit 0]
[2025-10-15 23:03:20] $ uv run python scripts/update_commvault_cache.py --since 5 --limit 1000
[2025-10-15 23:03:23] INFO  [alembic.runtime.migration] Context impl SQLiteImpl.
[2025-10-15 23:03:23] INFO  [alembic.runtime.migration] Will assume non-transactional DDL.
[2025-10-15 23:03:55] Commvault cache updated: cached 378 job(s) within last 5h; 40210 total stored;
[2025-10-15 23:03:55] 350 new / 0 updated
[2025-10-15 23:03:55] Cache timestamp: 2025-10-15T21:03:54.586983+00:00
[2025-10-15 23:04:00] Commvault storage cache updated: 4 pool(s) — total capacity 93.5 TB, used 160 TB
[2025-10-15 23:04:00] Storage cache timestamp: 2025-10-15T21:04:00.145079+00:00
[2025-10-15 23:04:04] Commvault plan cache updated: 15 plan(s) — types: Server
[2025-10-15 23:04:04] Plan cache timestamp: 2025-10-15T21:04:04.783541+00:00
[2025-10-15 23:04:05] [exit 0]
[2025-10-15 23:43:11] $ uv run enreach vcenter refresh --id e4059ecd-0e9c-4319-9f2b-1e3268d8ee2d
[2025-10-15 23:43:12] $ uv run enreach vcenter refresh --id b55f0fa8-e253-4b5d-a0b6-8f9135bce4d8
[2025-10-15 23:43:13] $ uv run enreach vcenter refresh --id f0f03827-58a4-4f57-a681-04a2d1c5d62d
[2025-10-15 23:43:13] $ uv run enreach vcenter refresh --id c91d5b1a-285e-4131-8902-5b8ab3a09a14
[2025-10-15 23:43:14] $ uv run enreach vcenter refresh --id e73eb70b-6f07-4974-81ff-0c9f31832f9c
[2025-10-15 23:43:14] INFO  [alembic.runtime.migration] Context impl SQLiteImpl.
[2025-10-15 23:43:14] INFO  [alembic.runtime.migration] Will assume non-transactional DDL.
[2025-10-15 23:43:14] Using .env: /Users/daniel/Documents/code/enreach-tools/.env
[2025-10-15 23:43:14] INFO  [alembic.runtime.migration] Context impl SQLiteImpl.
[2025-10-15 23:43:14] INFO  [alembic.runtime.migration] Will assume non-transactional DDL.
[2025-10-15 23:43:14] Refreshing 1. vw-vcenter01.systems.ispworks.net
[2025-10-15 23:43:15] INFO  [alembic.runtime.migration] Context impl SQLiteImpl.
[2025-10-15 23:43:15] INFO  [alembic.runtime.migration] Will assume non-transactional DDL.
[2025-10-15 23:43:15] Using .env: /Users/daniel/Documents/code/enreach-tools/.env
[2025-10-15 23:43:15] INFO  [alembic.runtime.migration] Context impl SQLiteImpl.
[2025-10-15 23:43:15] INFO  [alembic.runtime.migration] Will assume non-transactional DDL.
[2025-10-15 23:43:15] Refreshing 2. vw-vcenter03.systems.ispworks.net
[2025-10-15 23:43:15] $ uv run enreach vcenter refresh --id 4bca487c-cd73-4c6b-abc2-67cde0c5e2ca
[2025-10-15 23:43:15] INFO  [alembic.runtime.migration] Context impl SQLiteImpl.
[2025-10-15 23:43:15] INFO  [alembic.runtime.migration] Will assume non-transactional DDL.
[2025-10-15 23:43:15] Using .env: /Users/daniel/Documents/code/enreach-tools/.env
[2025-10-15 23:43:15] INFO  [alembic.runtime.migration] Context impl SQLiteImpl.
[2025-10-15 23:43:15] INFO  [alembic.runtime.migration] Will assume non-transactional DDL.
[2025-10-15 23:43:15] Refreshing 3. enreach-vcenter01.systems.ispworks.net
[2025-10-15 23:43:16] INFO  [alembic.runtime.migration] Context impl SQLiteImpl.
[2025-10-15 23:43:16] INFO  [alembic.runtime.migration] Will assume non-transactional DDL.
[2025-10-15 23:43:16] Using .env: /Users/daniel/Documents/code/enreach-tools/.env
[2025-10-15 23:43:16] INFO  [alembic.runtime.migration] Context impl SQLiteImpl.
[2025-10-15 23:43:16] INFO  [alembic.runtime.migration] Will assume non-transactional DDL.
[2025-10-15 23:43:17] INFO  [alembic.runtime.migration] Context impl SQLiteImpl.
[2025-10-15 23:43:17] INFO  [alembic.runtime.migration] Will assume non-transactional DDL.
[2025-10-15 23:43:17] Using .env: /Users/daniel/Documents/code/enreach-tools/.env
[2025-10-15 23:43:17] INFO  [alembic.runtime.migration] Context impl SQLiteImpl.
[2025-10-15 23:43:17] INFO  [alembic.runtime.migration] Will assume non-transactional DDL.
[2025-10-15 23:43:18] INFO  [alembic.runtime.migration] Context impl SQLiteImpl.
[2025-10-15 23:43:18] INFO  [alembic.runtime.migration] Will assume non-transactional DDL.
[2025-10-15 23:43:18] Using .env: /Users/daniel/Documents/code/enreach-tools/.env
[2025-10-15 23:43:18] INFO  [alembic.runtime.migration] Context impl SQLiteImpl.
[2025-10-15 23:43:18] INFO  [alembic.runtime.migration] Will assume non-transactional DDL.
[2025-10-15 23:43:20] Refreshing 6. vcenter6 (4bca487c-cd73-4c6b-abc2-67cde0c5e2ca)… done (2 VMs @ 2025-10-15T21:43:20.013533Z)
[2025-10-15 23:43:20] [exit 0]
[2025-10-15 23:43:26] Refreshing 5. swyx-vcenter02 Firewall (e73eb70b-6f07-4974-81ff-0c9f31832f9c)… done (12 VMs @ 2025-10-15T21:43:26.415676Z)
[2025-10-15 23:43:26] [exit 0]
[2025-10-15 23:43:36] (b55f0fa8-e253-4b5d-a0b6-8f9135bce4d8)… done (30 VMs @ 2025-10-15T21:43:36.587626Z)
[2025-10-15 23:43:37] [exit 0]
[2025-10-15 23:43:46] (f0f03827-58a4-4f57-a681-04a2d1c5d62d)… done (42 VMs @ 2025-10-15T21:43:46.435487Z)
[2025-10-15 23:43:46] [exit 0]
[2025-10-15 23:45:33] Refreshing 4. Enreach Direct (c91d5b1a-285e-4131-8902-5b8ab3a09a14)… done (161 VMs @ 2025-10-15T21:45:33.760874Z)
[2025-10-15 23:45:34] [exit 0]
[2025-10-15 23:47:42] $ uv run enreach vcenter refresh --id e4059ecd-0e9c-4319-9f2b-1e3268d8ee2d
[2025-10-15 23:47:45] INFO  [alembic.runtime.migration] Context impl SQLiteImpl.
[2025-10-15 23:47:45] INFO  [alembic.runtime.migration] Will assume non-transactional DDL.
[2025-10-15 23:47:45] Using .env: /Users/daniel/Documents/code/enreach-tools/.env
[2025-10-15 23:47:45] INFO  [alembic.runtime.migration] Context impl SQLiteImpl.
[2025-10-15 23:47:45] INFO  [alembic.runtime.migration] Will assume non-transactional DDL.
[2025-10-15 23:47:45] Refreshing 1. vw-vcenter01.systems.ispworks.net
[2025-10-15 23:50:15] (e4059ecd-0e9c-4319-9f2b-1e3268d8ee2d)… done (410 VMs @ 2025-10-15T21:50:15.777785Z)
[2025-10-15 23:50:16] [exit 0]
[2025-10-15 23:57:07] (e4059ecd-0e9c-4319-9f2b-1e3268d8ee2d)… done (410 VMs @ 2025-10-15T21:57:07.463738Z)
[2025-10-15 23:57:07] [exit 0]
